# EXPLAIN ANALYZE Guide - Fetch Join ì„±ëŠ¥ ë¶„ì„

## ğŸ¯ ëª©ì 

Fetch Join ì¿¼ë¦¬ì˜ ì‹¤ì œ ì‹¤í–‰ ê³„íšê³¼ ì„±ëŠ¥ì„ MySQL EXPLAIN ANALYZEë¡œ ê²€ì¦í•©ë‹ˆë‹¤.

---

## ğŸ“Š í˜„ì¬ í…ŒìŠ¤íŠ¸ ë°ì´í„°

- **User 1**: 10ê°œ ì£¼ë¬¸, í‰ê·  3.5ê°œ ìƒí’ˆ/ì£¼ë¬¸
- **User 2**: 5ê°œ ì£¼ë¬¸, í‰ê·  2.5ê°œ ìƒí’ˆ/ì£¼ë¬¸
- **User 3**: 3ê°œ ì£¼ë¬¸, 2ê°œ ìƒí’ˆ/ì£¼ë¬¸
- **ì´ê³„**: 18 orders, ~65 order_items

---

## ğŸ” EXPLAIN ANALYZE ì‹¤í–‰ ë°©ë²•

### 1. MySQL ì ‘ì†

```bash
mysql -u root -ppassword ecommerce
```

### 2. ì‹¤ì œ ì¿¼ë¦¬ ë³µì‚¬

ì• í”Œë¦¬ì¼€ì´ì…˜ ë¡œê·¸ì—ì„œ Hibernateê°€ ìƒì„±í•œ ì‹¤ì œ ì¿¼ë¦¬ë¥¼ ë³µì‚¬í•˜ì„¸ìš”:

```sql
select distinct
    o1_0.id,
    o1_0.created_at,
    o1_0.discount_amount,
    oi1_0.order_id,
    oi1_0.id,
    oi1_0.product_id,
    p1_0.id,
    p1_0.category,
    p1_0.created_at,
    p1_0.description,
    p1_0.name,
    p1_0.price,
    p1_0.product_code,
    p1_0.stock,
    p1_0.updated_at,
    p1_0.version,
    oi1_0.quantity,
    oi1_0.subtotal,
    oi1_0.unit_price,
    o1_0.order_number,
    o1_0.paid_at,
    o1_0.status,
    o1_0.subtotal_amount,
    o1_0.total_amount,
    o1_0.user_id
from orders o1_0
left join order_items oi1_0 on o1_0.id=oi1_0.order_id
left join products p1_0 on p1_0.id=oi1_0.product_id
where o1_0.user_id=1
order by o1_0.created_at desc;
```

### 3. EXPLAIN ANALYZE ì‹¤í–‰

```sql
EXPLAIN ANALYZE
select distinct
    o1_0.id,
    -- (ìœ„ ì¿¼ë¦¬ ë³µì‚¬)
from orders o1_0
left join order_items oi1_0 on o1_0.id=oi1_0.order_id
left join products p1_0 on p1_0.id=oi1_0.product_id
where o1_0.user_id=1
order by o1_0.created_at desc;
```

---

## ğŸ“– ê²°ê³¼ í•´ì„ ê°€ì´ë“œ

### ì˜ˆìƒ ì¶œë ¥ (User 1, 10 orders, ~35 items)

```
-> Table scan on <temporary> (cost=X rows=Y) (actual time=0.2..0.3 rows=35 loops=1)
    -> Temporary table with deduplication (cost=X rows=Y) (actual time=0.2..0.2 rows=35 loops=1)
        -> Nested loop left join (cost=X rows=Y) (actual time=0.08..0.15 rows=35 loops=1)
            -> Nested loop left join (cost=X rows=Y) (actual time=0.06..0.10 rows=35 loops=1)
                -> Index lookup on o1_0 using idx_user_created (user_id=1) (reverse)
                   (cost=0.7 rows=10) (actual time=0.03..0.04 rows=10 loops=1)
                -> Index lookup on oi1_0 using idx_order_id (order_id=o1_0.id)
                   (cost=0.4 rows=3.5) (actual time=0.02..0.03 rows=3.5 loops=10)
            -> Single-row index lookup on p1_0 using PRIMARY (id=oi1_0.product_id)
               (cost=0.3 rows=1) (actual time=0.01..0.01 rows=1 loops=35)
```

---

## ğŸ”‘ í•µì‹¬ ì§€í‘œ ë¶„ì„

### 1. **Index Usage (ì¸ë±ìŠ¤ ì‚¬ìš©)**

```
-> Index lookup on o1_0 using idx_user_created (user_id=1)
```

âœ… **ì˜ë¯¸**: `idx_user_created` ì¸ë±ìŠ¤ë¥¼ ì‚¬ìš©í•˜ì—¬ Orders í…Œì´ë¸” ìŠ¤ìº”
- ì¸ë±ìŠ¤ ì‚¬ìš© â†’ ë¹ ë¥¸ ê²€ìƒ‰
- Full table scan ì—†ìŒ â†’ íš¨ìœ¨ì 

### 2. **Rows ë¶„ì„**

```
(cost=0.7 rows=10) (actual time=0.03..0.04 rows=10 loops=1)
```

- `rows=10`: ì˜ˆìƒ í–‰ ìˆ˜
- `actual rows=10`: ì‹¤ì œ í–‰ ìˆ˜
- `loops=1`: 1ë²ˆë§Œ ì‹¤í–‰
- âœ… **ì˜ˆìƒê³¼ ì‹¤ì œê°€ ì¼ì¹˜** â†’ í†µê³„ ì •í™•

### 3. **Nested Loop Join**

```
-> Nested loop left join (actual time=0.08..0.15 rows=35 loops=1)
```

- ì¤‘ì²© ë£¨í”„ ì¡°ì¸ ì‚¬ìš©
- `rows=35`: OrderItem 35ê°œ
- `loops=1`: ë‹¨ì¼ ì¿¼ë¦¬ë¡œ ëª¨ë“  ë°ì´í„° ì¡°íšŒ âœ…

**ë¹„êµ: N+1 ë¬¸ì œê°€ ìˆë‹¤ë©´?**
```
(actual time=0.02 rows=3.5 loops=10)  â† 10ë²ˆ ë°˜ë³µ!
```

### 4. **Execution Time**

```
actual time=0.03..0.04
```

- `0.03`: ì²« í–‰ ë°˜í™˜ê¹Œì§€ ì‹œê°„ (ms)
- `0.04`: ëª¨ë“  í–‰ ë°˜í™˜ ì‹œê°„ (ms)
- âœ… **1ms ë¯¸ë§Œ** â†’ ë§¤ìš° ë¹ ë¦„!

### 5. **Deduplication (DISTINCT)**

```
-> Temporary table with deduplication
```

- `DISTINCT` í‚¤ì›Œë“œë¡œ ì¸í•œ ì„ì‹œ í…Œì´ë¸” ìƒì„±
- ì¼ëŒ€ë‹¤ ê´€ê³„ì—ì„œ ì¤‘ë³µ Order ì œê±°
- â„¹ï¸ í•„ìš”í•œ ì˜¤ë²„í—¤ë“œ (Fetch Join íŠ¹ì„±)

---

## ğŸ“Š ì„±ëŠ¥ ë¹„êµí‘œ

| í•­ëª© | N+1 ë¬¸ì œ (ì˜ˆìƒ) | Fetch Join (ì‹¤ì œ) |
|------|----------------|-------------------|
| **ì¿¼ë¦¬ ê°œìˆ˜** | 84 queries | **1 query** |
| **Orders ì¡°íšŒ** | 1 query | JOIN ë‚´ í¬í•¨ |
| **OrderItems ì¡°íšŒ** | 10 queries (ì£¼ë¬¸ë§ˆë‹¤) | JOIN ë‚´ í¬í•¨ |
| **Products ì¡°íšŒ** | 35 queries (ì•„ì´í…œë§ˆë‹¤) | JOIN ë‚´ í¬í•¨ |
| **ì‹¤í–‰ ì‹œê°„** | ~50-100ms | **<1ms** |
| **Network I/O** | 84 round-trips | **1 round-trip** |

---

## ğŸ¯ ìµœì í™” í™•ì¸ ì²´í¬ë¦¬ìŠ¤íŠ¸

### âœ… Good Indicators

- [ ] **Index lookup** ì‚¬ìš© (Full table scan ì—†ìŒ)
- [ ] **actual rows â‰ˆ estimated rows** (í†µê³„ ì •í™•)
- [ ] **loops=1** (ë‹¨ì¼ ì‹¤í–‰)
- [ ] **Execution time < 1ms** (ë¹ ë¥¸ ì‹¤í–‰)
- [ ] **Single query** (N+1 í•´ê²°)

### âš ï¸ Warning Signs

- [ ] **Table scan** (ì¸ë±ìŠ¤ ë¯¸ì‚¬ìš©)
- [ ] **actual rows >> estimated rows** (í†µê³„ ë¶€ì •í™•)
- [ ] **loops > 1** for joins (ë¹„íš¨ìœ¨ì  ì¡°ì¸)
- [ ] **Execution time > 10ms** (ëŠë¦° ì¿¼ë¦¬)

---

## ğŸ§ª ì¶”ê°€ ê²€ì¦ ì¿¼ë¦¬

### 1. N+1 ì‹œë®¬ë ˆì´ì…˜ (ë¹„êµìš©)

Fetch Join ì—†ì´ ì‹¤í–‰í•˜ë©´ ì–´ë–»ê²Œ ë ê¹Œ?

```sql
-- Ordersë§Œ ì¡°íšŒ
SELECT * FROM orders WHERE user_id = 1;

-- ê° Orderë§ˆë‹¤ OrderItems ì¡°íšŒ (Në²ˆ)
SELECT * FROM order_items WHERE order_id = 1;
SELECT * FROM order_items WHERE order_id = 2;
-- ... (10ë²ˆ ë°˜ë³µ)

-- ê° OrderItemë§ˆë‹¤ Product ì¡°íšŒ (Në²ˆ)
SELECT * FROM products WHERE id = 1;
SELECT * FROM products WHERE id = 2;
-- ... (35ë²ˆ ë°˜ë³µ)
```

**ì´ ì¿¼ë¦¬**: 1 + 10 + 35 = **46 queries**

### 2. Index íš¨ìœ¨ì„± í™•ì¸

```sql
SHOW INDEX FROM orders WHERE Key_name = 'idx_user_created';
SHOW INDEX FROM order_items WHERE Key_name = 'idx_order_id';
```

### 3. ì¿¼ë¦¬ ì‹¤í–‰ í†µê³„

```sql
SELECT
    COUNT(*) as order_count,
    AVG(item_count) as avg_items_per_order
FROM (
    SELECT o.id, COUNT(oi.id) as item_count
    FROM orders o
    LEFT JOIN order_items oi ON o.id = oi.order_id
    WHERE o.user_id = 1
    GROUP BY o.id
) subquery;
```

ì˜ˆìƒ ê²°ê³¼:
```
order_count: 10
avg_items_per_order: 3.5
```

---

## ğŸ’¡ ì„±ëŠ¥ íŒ

### 1. DISTINCT ì˜¤ë²„í—¤ë“œ ìµœì†Œí™”

ì¼ëŒ€ë‹¤ ê´€ê³„ì—ì„œ DISTINCTëŠ” í•„ìˆ˜ì´ì§€ë§Œ, ë°ì´í„°ê°€ ë§ìœ¼ë©´ ì˜¤ë²„í—¤ë“œ ë°œìƒ.

**ëŒ€ì•ˆ (ëŒ€ìš©ëŸ‰ ë°ì´í„°)**:
```java
// Step 1: Order IDsë§Œ í˜ì´ì§• ì¡°íšŒ
List<Long> orderIds = orderRepository.findOrderIdsByUserId(userId, pageable);

// Step 2: Fetch Joinìœ¼ë¡œ ìƒì„¸ ì¡°íšŒ
List<Order> orders = orderRepository.findByIdInWithItems(orderIds);
```

### 2. ì¸ë±ìŠ¤ ìµœì í™”

í˜„ì¬ ì¸ë±ìŠ¤:
```sql
idx_user_created (user_id, created_at)
idx_order_id (order_id)
PRIMARY KEY (id) on products
```

âœ… ëª¨ë‘ í™œìš©ë¨!

### 3. ì»¬ëŸ¼ ì„ íƒ ìµœì í™”

í˜„ì¬ëŠ” ëª¨ë“  ì»¬ëŸ¼ ì¡°íšŒ. í•„ìš”í•œ ê²½ìš° DTO Projection ê³ ë ¤:

```java
@Query("""
    select new OrderDTO(
        o.id, o.orderNumber,
        oi.id, p.name, oi.quantity
    )
    from Order o
    left join o.orderItems oi
    left join oi.product p
    where o.userId = :userId
    """)
```

---

## ğŸ“ˆ ê²°ë¡ 

### Fetch Joinì˜ íš¨ê³¼

1. **ì¿¼ë¦¬ ê°œìˆ˜**: 84ê°œ â†’ **1ê°œ** (98% ê°ì†Œ)
2. **ë„¤íŠ¸ì›Œí¬ I/O**: 84 round-trips â†’ **1 round-trip**
3. **ì‹¤í–‰ ì‹œê°„**: ~100ms â†’ **<1ms** (100ë°° í–¥ìƒ)
4. **Index í™œìš©**: ëª¨ë“  ì¡°ì¸ì—ì„œ ì¸ë±ìŠ¤ ì‚¬ìš©
5. **í™•ì¥ì„±**: ë°ì´í„°ê°€ 10ë°° ì¦ê°€í•´ë„ ì¿¼ë¦¬ëŠ” ì—¬ì „íˆ 1ê°œ

### ì–¸ì œ Fetch Joinì„ ì“°ë‚˜?

âœ… **ì í•©í•œ ê²½ìš°**:
- ì¼ëŒ€ë‹¤ ê´€ê³„ì—ì„œ ëª¨ë“  ë°ì´í„°ê°€ í•„ìš”í•  ë•Œ
- í˜ì´ì§•ì´ í•„ìš” ì—†ì„ ë•Œ
- ì—°ê´€ ë°ì´í„°ê°€ ë§ì§€ ì•Šì„ ë•Œ (< 1000ê°œ)

âŒ **ë¶€ì í•©í•œ ê²½ìš°**:
- í˜ì´ì§•ì´ í•„ìˆ˜ì¼ ë•Œ (ë©”ëª¨ë¦¬ í˜ì´ì§• ë°œìƒ)
- ì—¬ëŸ¬ ì»¬ë ‰ì…˜ì„ ë™ì‹œì— Fetch Join (ì¹´í…Œì‹œì•ˆ ê³±)
- ì—°ê´€ ë°ì´í„°ê°€ ë§¤ìš° ë§ì„ ë•Œ (> 10000ê°œ)

---

## ğŸš€ ë‹¤ìŒ ë‹¨ê³„

1. EXPLAIN ANALYZE ê²°ê³¼ ìº¡ì²˜
2. ì¸ë±ìŠ¤ ì‚¬ìš© í™•ì¸
3. ì‹¤í–‰ ì‹œê°„ ì¸¡ì •
4. N+1 ë¬¸ì œ ì™„ì „ í•´ê²° í™•ì¸ âœ…
