# ì¸ê¸° ìƒí’ˆ ì¡°íšŒ ì¿¼ë¦¬ ìµœì í™” ê²€ì¦ ê°€ì´ë“œ

## ğŸ¯ ëª©ì 

ìµœì í™”ëœ ì¿¼ë¦¬ê°€ ì‹¤ì œë¡œ ë™ì‘í•˜ëŠ”ì§€ í™•ì¸í•©ë‹ˆë‹¤:
- ROLLUP í…Œì´ë¸” ì‚¬ìš© í™•ì¸
- IN ì¡°ê±´ ì¿¼ë¦¬ ì‹¤í–‰ í™•ì¸
- ì¸ë±ìŠ¤ í™œìš© í™•ì¸
- ì‘ë‹µ ì‹œê°„ í™•ì¸ (<1ms)

---

## ğŸš€ Step 1: í…ŒìŠ¤íŠ¸ ë°ì´í„° ì¤€ë¹„

### 1-1. ProductSalesAggregate í…Œì´ë¸”ì— í…ŒìŠ¤íŠ¸ ë°ì´í„° ì¶”ê°€

ì• í”Œë¦¬ì¼€ì´ì…˜ì„ ì‹¤í–‰í•˜ê¸° ì „ì— ë¨¼ì € ì§‘ê³„ í…Œì´ë¸”ì— í…ŒìŠ¤íŠ¸ ë°ì´í„°ë¥¼ ì¶”ê°€í•´ì•¼ í•©ë‹ˆë‹¤.

**ë°©ë²• 1: SQL ì§ì ‘ ì‹¤í–‰** (MySQL ì ‘ì†)

```bash
# MySQL ì ‘ì†
mysql -u root -p ecommerce
```

```sql
-- ì˜¤ëŠ˜ ê¸°ì¤€ í…ŒìŠ¤íŠ¸ ë°ì´í„° ì‚½ì…
INSERT INTO product_sales_aggregates
(product_id, product_name, aggregation_date, sales_count, revenue, created_at)
VALUES
-- 3ì¼ ì „ ë°ì´í„°
(1, 'ë…¸íŠ¸ë¶', DATE_SUB(CURDATE(), INTERVAL 2 DAY), 15, 22500000, NOW()),
(2, 'ë¬´ì„  ë§ˆìš°ìŠ¤', DATE_SUB(CURDATE(), INTERVAL 2 DAY), 25, 625000, NOW()),
(3, 'ê¸°ê³„ì‹ í‚¤ë³´ë“œ', DATE_SUB(CURDATE(), INTERVAL 2 DAY), 20, 2000000, NOW()),
(4, '27ì¸ì¹˜ ëª¨ë‹ˆí„°', DATE_SUB(CURDATE(), INTERVAL 2 DAY), 10, 3000000, NOW()),
(5, 'ë¬´ì„  í—¤ë“œì…‹', DATE_SUB(CURDATE(), INTERVAL 2 DAY), 18, 2700000, NOW()),

-- 2ì¼ ì „ ë°ì´í„°
(1, 'ë…¸íŠ¸ë¶', DATE_SUB(CURDATE(), INTERVAL 1 DAY), 20, 30000000, NOW()),
(2, 'ë¬´ì„  ë§ˆìš°ìŠ¤', DATE_SUB(CURDATE(), INTERVAL 1 DAY), 30, 750000, NOW()),
(3, 'ê¸°ê³„ì‹ í‚¤ë³´ë“œ', DATE_SUB(CURDATE(), INTERVAL 1 DAY), 22, 2200000, NOW()),
(4, '27ì¸ì¹˜ ëª¨ë‹ˆí„°', DATE_SUB(CURDATE(), INTERVAL 1 DAY), 12, 3600000, NOW()),
(5, 'ë¬´ì„  í—¤ë“œì…‹', DATE_SUB(CURDATE(), INTERVAL 1 DAY), 15, 2250000, NOW()),

-- ì˜¤ëŠ˜ ë°ì´í„°
(1, 'ë…¸íŠ¸ë¶', CURDATE(), 25, 37500000, NOW()),
(2, 'ë¬´ì„  ë§ˆìš°ìŠ¤', CURDATE(), 35, 875000, NOW()),
(3, 'ê¸°ê³„ì‹ í‚¤ë³´ë“œ', CURDATE(), 28, 2800000, NOW()),
(4, '27ì¸ì¹˜ ëª¨ë‹ˆí„°', CURDATE(), 15, 4500000, NOW()),
(5, 'ë¬´ì„  í—¤ë“œì…‹', CURDATE(), 20, 3000000, NOW());
```

**ë°©ë²• 2: DataInitializerì— ì¶”ê°€** (ê¶Œì¥)

`DataInitializer.java`ì— ProductSalesAggregate ìƒì„± ë¡œì§ì„ ì¶”ê°€í•˜ë©´ ì• í”Œë¦¬ì¼€ì´ì…˜ ì‹œì‘ ì‹œ ìë™ìœ¼ë¡œ ìƒì„±ë©ë‹ˆë‹¤.

---

## ğŸš€ Step 2: ì• í”Œë¦¬ì¼€ì´ì…˜ ì‹¤í–‰

### 2-1. í„°ë¯¸ë„ 1ë²ˆ (ì• í”Œë¦¬ì¼€ì´ì…˜ ì‹œì‘)

```bash
cd /Users/jsb/hanghe-plus/ecommerce

# ê¸°ì¡´ ì‹¤í–‰ ì¤‘ì¸ í”„ë¡œì„¸ìŠ¤ ì¢…ë£Œ
pkill -f gradle
pkill -f java

# ì• í”Œë¦¬ì¼€ì´ì…˜ ì‹œì‘ (ë¡œê·¸ í™•ì¸ ê°€ëŠ¥)
./gradlew bootRun
```

**ëŒ€ê¸°**: `Started EcommerceApplication` ë©”ì‹œì§€ê°€ ë‚˜ì˜¬ ë•Œê¹Œì§€ (ì•½ 10-15ì´ˆ)

### 2-2. ì‹¤í–‰ ë¡œê·¸ì—ì„œ í™•ì¸í•  ë‚´ìš©

ì• í”Œë¦¬ì¼€ì´ì…˜ ì‹œì‘ ì‹œ ë‹¤ìŒ ë¡œê·¸ë¥¼ í™•ì¸í•˜ì„¸ìš”:

```
INFO  i.h.e.a.u.product.GetTopProductsUseCase - Getting top products (last 3 days) using ROLLUP strategy
DEBUG org.hibernate.SQL -
    SELECT
        product_id AS productId,
        product_name AS productName,
        SUM(sales_count) AS salesCount,
        SUM(revenue) AS revenue
    FROM product_sales_aggregates
    WHERE aggregation_date IN (?, ?, ?)  -- âœ… IN ì¡°ê±´ ì‚¬ìš©!
    GROUP BY product_id, product_name
    ORDER BY salesCount DESC
    LIMIT 5
```

---

## ğŸ“Š Step 3: API í˜¸ì¶œ í…ŒìŠ¤íŠ¸

### 3-1. í„°ë¯¸ë„ 2ë²ˆ ì—´ê¸° (ìƒˆ í„°ë¯¸ë„)

```bash
# ì¸ê¸° ìƒí’ˆ TOP 5 ì¡°íšŒ
curl -s "http://localhost:8080/api/products/top" | jq
```

**ì˜ˆìƒ ê²°ê³¼**:
```json
{
  "success": true,
  "data": {
    "period": "3days",
    "products": [
      {
        "rank": 1,
        "productId": 1,
        "productName": "ë…¸íŠ¸ë¶",
        "salesCount": 60,        // 15 + 20 + 25 = 60
        "revenue": 90000000      // 22500000 + 30000000 + 37500000
      },
      {
        "rank": 2,
        "productId": 2,
        "productName": "ë¬´ì„  ë§ˆìš°ìŠ¤",
        "salesCount": 90,        // 25 + 30 + 35 = 90
        "revenue": 2250000
      },
      {
        "rank": 3,
        "productName": "ê¸°ê³„ì‹ í‚¤ë³´ë“œ",
        "salesCount": 70,
        "revenue": 7000000
      },
      {
        "rank": 4,
        "productName": "ë¬´ì„  í—¤ë“œì…‹",
        "salesCount": 53,
        "revenue": 7950000
      },
      {
        "rank": 5,
        "productName": "27ì¸ì¹˜ ëª¨ë‹ˆí„°",
        "salesCount": 37,
        "revenue": 11100000
      }
    ]
  },
  "error": null
}
```

âœ… **ì„±ê³µ í™•ì¸**:
- `success: true`
- `period: "3days"`
- `products` ë°°ì—´ì— 5ê°œ ìƒí’ˆ
- `rank`, `salesCount`, `revenue` ì •ìƒ í‘œì‹œ

---

## ğŸ” Step 4: ì¿¼ë¦¬ ì‹¤í–‰ ê³„íš í™•ì¸ (MySQL)

### 4-1. MySQL ì ‘ì†

```bash
mysql -u root -p ecommerce
```

### 4-2. EXPLAIN ANALYZE ì‹¤í–‰

```sql
-- ì‹¤ì œ ì¿¼ë¦¬ ì‹¤í–‰ ê³„íš ë¶„ì„
EXPLAIN ANALYZE
SELECT
    product_id AS productId,
    product_name AS productName,
    SUM(sales_count) AS salesCount,
    SUM(revenue) AS revenue
FROM product_sales_aggregates
WHERE aggregation_date IN (
    DATE_SUB(CURDATE(), INTERVAL 2 DAY),
    DATE_SUB(CURDATE(), INTERVAL 1 DAY),
    CURDATE()
)
GROUP BY product_id, product_name
ORDER BY salesCount DESC
LIMIT 5;
```

**ì˜ˆìƒ ê²°ê³¼**:
```
-> Limit: 5 row(s) (cost=X rows=Y) (actual time=0.5..0.6 rows=5 loops=1)
    -> Sort: salesCount DESC (cost=X rows=Y) (actual time=0.4..0.5 rows=5 loops=1)
        -> Table scan on <temporary> (cost=X rows=Y) (actual time=0.3..0.4 rows=5 loops=1)
            -> Aggregate using temporary table (cost=X rows=Y) (actual time=0.2..0.3 rows=5 loops=1)
                -> Index range scan on product_sales_aggregates using idx_date_sales
                   (cost=X rows=15) (actual time=0.1..0.2 rows=15 loops=1)
```

**í•µì‹¬ í™•ì¸ ì‚¬í•­**:
- âœ… **Index range scan** on `idx_date_sales` â†’ ì¸ë±ìŠ¤ ì‚¬ìš©!
- âœ… **actual time < 1ms** â†’ ë¹ ë¥¸ ì‹¤í–‰
- âœ… **rows=15** â†’ 3ì¼ * 5ê°œ ìƒí’ˆ = 15ê°œ í–‰ë§Œ ìŠ¤ìº”

---

## ğŸ“Š Step 5: ì„±ëŠ¥ ë¹„êµ (Before vs After)

### Before (ì‹¤ì‹œê°„ ì§‘ê³„ - Deprecated)

```sql
-- âŒ ì„±ëŠ¥ ë¬¸ì œ ì¿¼ë¦¬
SELECT
    oi.product_id AS productId,
    p.name AS productName,
    COUNT(*) AS salesCount,
    SUM(oi.subtotal) AS revenue
FROM order_items oi
JOIN orders o ON oi.order_id = o.id
JOIN products p ON oi.product_id = p.id
WHERE o.status = 'COMPLETED'
  AND o.paid_at >= DATE_SUB(NOW(), INTERVAL 3 DAY)  -- âŒ í•¨ìˆ˜ ì‚¬ìš©!
GROUP BY oi.product_id, p.name
ORDER BY salesCount DESC
LIMIT 5;
```

**EXPLAIN ANALYZE ì˜ˆìƒ**:
```
-> Sort: salesCount DESC (cost=X rows=Y) (actual time=50..52 rows=5 loops=1)
    -> Table scan on <temporary> (cost=X rows=Y) (actual time=45..48 rows=100 loops=1)
        -> Aggregate using temporary table (cost=X rows=Y) (actual time=40..45 rows=100 loops=1)
            -> Nested loop inner join (cost=X rows=Y) (actual time=10..35 rows=1000 loops=1)
                -> Filter: (o.status = 'COMPLETED' and o.paid_at >= DATE_SUB(...))
                   (cost=X rows=Y) (actual time=5..15 rows=500 loops=1)
                    -> Table scan on orders (cost=X rows=Y) (actual time=2..10 rows=10000 loops=1)
```

**ë¬¸ì œì **:
- âŒ Table scan on orders (ì „ì²´ í…Œì´ë¸” ìŠ¤ìº”)
- âŒ 3ê°œ í…Œì´ë¸” JOIN
- âŒ DATE_SUB í•¨ìˆ˜ë¡œ ì¸ë±ìŠ¤ ë¯¸í™œìš©
- âŒ ì‹¤í–‰ ì‹œê°„: ~50ms

### After (ROLLUP í…Œì´ë¸” - Optimized)

```sql
-- âœ… ìµœì í™”ëœ ì¿¼ë¦¬
SELECT
    product_id AS productId,
    product_name AS productName,
    SUM(sales_count) AS salesCount,
    SUM(revenue) AS revenue
FROM product_sales_aggregates
WHERE aggregation_date IN (?, ?, ?)  -- âœ… íŒŒë¼ë¯¸í„° ì‚¬ìš©!
GROUP BY product_id, product_name
ORDER BY salesCount DESC
LIMIT 5;
```

**EXPLAIN ANALYZE ì˜ˆìƒ**:
```
-> Limit: 5 row(s) (cost=X rows=Y) (actual time=0.5..0.6 rows=5 loops=1)
    -> Index range scan on product_sales_aggregates using idx_date_sales
       (cost=X rows=15) (actual time=0.1..0.2 rows=15 loops=1)
```

**ê°œì„ ì **:
- âœ… Index range scan (ì¸ë±ìŠ¤ í™œìš©)
- âœ… ë‹¨ì¼ í…Œì´ë¸” ì¡°íšŒ
- âœ… íŒŒë¼ë¯¸í„° ì‚¬ìš©ìœ¼ë¡œ ì¸ë±ìŠ¤ í™œìš©
- âœ… ì‹¤í–‰ ì‹œê°„: <1ms

---

## ğŸ“ˆ ì„±ëŠ¥ ë¹„êµí‘œ

| í•­ëª© | Before (ì‹¤ì‹œê°„ ì§‘ê³„) | After (ROLLUP í…Œì´ë¸”) | ê°œì„ ìœ¨ |
|------|---------------------|----------------------|--------|
| **í…Œì´ë¸” ìŠ¤ìº”** | 3ê°œ (orders, order_items, products) | 1ê°œ (product_sales_aggregates) | 67% ê°ì†Œ |
| **ì¡°íšŒ í–‰ ìˆ˜** | ~1000 rows | 15 rows | 98% ê°ì†Œ |
| **ì¸ë±ìŠ¤ í™œìš©** | âŒ í•¨ìˆ˜ë¡œ ì¸í•œ ë¯¸í™œìš© | âœ… idx_date_sales í™œìš© | - |
| **ì‹¤í–‰ ì‹œê°„** | ~50ms | **<1ms** | **50ë°° í–¥ìƒ** |
| **í™•ì¥ì„±** | âŒ ë°ì´í„° ì¦ê°€ ì‹œ ëŠë¦¼ | âœ… ë°ì´í„° ì¦ê°€ ë¬´ê´€ | - |

---

## ğŸ§ª Step 6: ë‹¤ì–‘í•œ ì‹œë‚˜ë¦¬ì˜¤ í…ŒìŠ¤íŠ¸

### ì‹œë‚˜ë¦¬ì˜¤ 1: ë°ì´í„°ê°€ ì—†ëŠ” ê²½ìš°

```bash
# ì§‘ê³„ í…Œì´ë¸” ë¹„ìš°ê¸°
mysql -u root -p ecommerce -e "TRUNCATE TABLE product_sales_aggregates;"

# API í˜¸ì¶œ
curl -s "http://localhost:8080/api/products/top" | jq
```

**ì˜ˆìƒ ê²°ê³¼**:
```json
{
  "success": true,
  "data": {
    "period": "3days",
    "products": []
  },
  "error": null
}
```

### ì‹œë‚˜ë¦¬ì˜¤ 2: íŠ¹ì • ë‚ ì§œë§Œ ë°ì´í„°ê°€ ìˆëŠ” ê²½ìš°

```sql
-- ì˜¤ëŠ˜ ë°ì´í„°ë§Œ ì‚½ì…
INSERT INTO product_sales_aggregates
(product_id, product_name, aggregation_date, sales_count, revenue, created_at)
VALUES
(1, 'ë…¸íŠ¸ë¶', CURDATE(), 10, 15000000, NOW()),
(2, 'ë¬´ì„  ë§ˆìš°ìŠ¤', CURDATE(), 20, 500000, NOW());
```

```bash
curl -s "http://localhost:8080/api/products/top" | jq
```

**ì˜ˆìƒ ê²°ê³¼**: ì˜¤ëŠ˜ ë°ì´í„°ë§Œ ì§‘ê³„ë˜ì–´ ë°˜í™˜

### ì‹œë‚˜ë¦¬ì˜¤ 3: ì„±ëŠ¥ ì¸¡ì • (ì—¬ëŸ¬ ë²ˆ í˜¸ì¶œ)

```bash
# 10ë²ˆ í˜¸ì¶œí•˜ì—¬ í‰ê·  ì‘ë‹µ ì‹œê°„ ì¸¡ì •
for i in {1..10}; do
  time curl -s "http://localhost:8080/api/products/top" > /dev/null
done
```

**ì˜ˆìƒ ê²°ê³¼**:
```
real    0m0.005s  # ~5ms (ë„¤íŠ¸ì›Œí¬ í¬í•¨)
user    0m0.002s
sys     0m0.001s
```

---

## ğŸ” Step 7: ì• í”Œë¦¬ì¼€ì´ì…˜ ë¡œê·¸ í™•ì¸

### 7-1. í„°ë¯¸ë„ 1ë²ˆ (ì• í”Œë¦¬ì¼€ì´ì…˜ ë¡œê·¸)ì—ì„œ í™•ì¸

API í˜¸ì¶œ ì‹œ ë‹¤ìŒ ë¡œê·¸ê°€ ë‚˜íƒ€ë‚˜ì•¼ í•©ë‹ˆë‹¤:

```
INFO  i.h.e.a.u.product.GetTopProductsUseCase - Getting top products (last 3 days) using ROLLUP strategy

DEBUG org.hibernate.SQL -
    SELECT
        product_id AS productId,
        product_name AS productName,
        SUM(sales_count) AS salesCount,
        SUM(revenue) AS revenue
    FROM product_sales_aggregates
    WHERE aggregation_date IN (?, ?, ?)
    GROUP BY product_id, product_name
    ORDER BY salesCount DESC
    LIMIT 5

DEBUG org.hibernate.orm.jdbc.bind - binding parameter [1] as [DATE] - [2025-01-16]
DEBUG org.hibernate.orm.jdbc.bind - binding parameter [2] as [DATE] - [2025-01-17]
DEBUG org.hibernate.orm.jdbc.bind - binding parameter [3] as [DATE] - [2025-01-18]

INFO  i.h.e.a.u.product.GetTopProductsUseCase - Found 5 top products using ROLLUP strategy (<1ms)
```

**í•µì‹¬ í™•ì¸ì‚¬í•­**:
- âœ… `WHERE aggregation_date IN (?, ?, ?)` â†’ IN ì¡°ê±´ ì‚¬ìš©
- âœ… `product_sales_aggregates` í…Œì´ë¸” ì¡°íšŒ
- âœ… 3ê°œ ë‚ ì§œ íŒŒë¼ë¯¸í„° ë°”ì¸ë”©
- âœ… "using ROLLUP strategy" ë¡œê·¸ ì¶œë ¥

---

## ğŸ¯ ê²€ì¦ ì²´í¬ë¦¬ìŠ¤íŠ¸

### ê¸°ëŠ¥ ê²€ì¦
- [ ] ì• í”Œë¦¬ì¼€ì´ì…˜ ì •ìƒ ì‹œì‘
- [ ] API í˜¸ì¶œ ì„±ê³µ (HTTP 200)
- [ ] ì¸ê¸° ìƒí’ˆ TOP 5 ë°˜í™˜
- [ ] 3ì¼ê°„ ë°ì´í„° í•©ì‚° ì •ìƒ
- [ ] rank ìˆœì„œ ì •í™• (1~5)

### ì¿¼ë¦¬ ìµœì í™” ê²€ì¦
- [ ] `product_sales_aggregates` í…Œì´ë¸” ì‚¬ìš© í™•ì¸
- [ ] `WHERE aggregation_date IN (?, ?, ?)` ì¡°ê±´ í™•ì¸
- [ ] íŒŒë¼ë¯¸í„° ë°”ì¸ë”© í™•ì¸ (3ê°œ ë‚ ì§œ)
- [ ] "using ROLLUP strategy" ë¡œê·¸ í™•ì¸
- [ ] EXPLAIN ANALYZEì—ì„œ ì¸ë±ìŠ¤ ì‚¬ìš© í™•ì¸

### ì„±ëŠ¥ ê²€ì¦
- [ ] ì‘ë‹µ ì‹œê°„ < 10ms
- [ ] EXPLAIN ANALYZE ì‹¤í–‰ ì‹œê°„ < 1ms
- [ ] Index range scan ì‚¬ìš© í™•ì¸
- [ ] ì¡°íšŒ í–‰ ìˆ˜ = 15ê°œ (3ì¼ * 5ê°œ ìƒí’ˆ)

---

## ğŸ’¡ ë¬¸ì œ í•´ê²°

### ë¬¸ì œ 1: ë°ì´í„°ê°€ ë°˜í™˜ë˜ì§€ ì•ŠìŒ

**ì›ì¸**: `product_sales_aggregates` í…Œì´ë¸”ì— ë°ì´í„° ì—†ìŒ

**í•´ê²°**:
```sql
-- ë°ì´í„° í™•ì¸
SELECT * FROM product_sales_aggregates
WHERE aggregation_date >= DATE_SUB(CURDATE(), INTERVAL 2 DAY);

-- ë°ì´í„°ê°€ ì—†ìœ¼ë©´ Step 1ì˜ SQL ì‹¤í–‰
```

### ë¬¸ì œ 2: ë‚ ì§œê°€ ë§ì§€ ì•ŠìŒ

**ì›ì¸**: í…ŒìŠ¤íŠ¸ ë°ì´í„°ì˜ ë‚ ì§œê°€ ì˜¤ë˜ë¨

**í•´ê²°**:
```sql
-- ê¸°ì¡´ ë°ì´í„° ì‚­ì œ
DELETE FROM product_sales_aggregates;

-- ì˜¤ëŠ˜ ê¸°ì¤€ ë°ì´í„° ë‹¤ì‹œ ì‚½ì… (Step 1 ì°¸ì¡°)
```

### ë¬¸ì œ 3: ë¡œê·¸ì— ë‹¤ë¥¸ ì¿¼ë¦¬ê°€ ë³´ì„

**ì›ì¸**: GetTopProductsUseCaseê°€ ì•„ì§ ì—…ë°ì´íŠ¸ë˜ì§€ ì•Šì•˜ê±°ë‚˜ ìºì‹œ ë¬¸ì œ

**í•´ê²°**:
```bash
# ì• í”Œë¦¬ì¼€ì´ì…˜ ì¬ì‹œì‘
pkill -f gradle
./gradlew clean bootRun
```

### ë¬¸ì œ 4: EXPLAIN ANALYZE ê²°ê³¼ê°€ ëŠë¦¼

**ì›ì¸**: ì¸ë±ìŠ¤ê°€ ìƒì„±ë˜ì§€ ì•ŠìŒ

**í•´ê²°**:
```sql
-- ì¸ë±ìŠ¤ í™•ì¸
SHOW INDEX FROM product_sales_aggregates;

-- ì¸ë±ìŠ¤ ì¬ìƒì„± (í•„ìš”ì‹œ)
CREATE INDEX idx_date_sales ON product_sales_aggregates (aggregation_date, sales_count DESC);
```

---

## ğŸ“š ì°¸ê³  ìë£Œ

- `QUERY_OPTIMIZATION_SUMMARY.md` - ì¿¼ë¦¬ ìµœì í™” ì „ì²´ ìš”ì•½
- `YULMU_FEEDBACK_STATUS.md` - í”¼ë“œë°± ë°˜ì˜ ìƒíƒœ
- `GetTopProductsUseCase.java:37-71` - ROLLUP ì „ëµ êµ¬í˜„
- `JpaProductSalesAggregateRepository.java:82-94` - IN ì¡°ê±´ ì¿¼ë¦¬

---

## âœ… ìµœì¢… í™•ì¸

ëª¨ë“  ì²´í¬ë¦¬ìŠ¤íŠ¸ë¥¼ í†µê³¼í•˜ë©´:
- âœ… ROLLUP ì „ëµ ì •ìƒ ë™ì‘
- âœ… IN ì¡°ê±´ìœ¼ë¡œ ì¸ë±ìŠ¤ 100% í™œìš©
- âœ… ì‹¤í–‰ ì‹œê°„ <1ms
- âœ… í•¨ìˆ˜ ì‚¬ìš© ì œê±° ì™„ë£Œ
- âœ… ì¿¼ë¦¬ ìµœì í™” ê²€ì¦ ì™„ë£Œ!

**ì¿¼ë¦¬ ìµœì í™” ì„±ê³µ!** ğŸš€
